The target system is: Generic -  - 
The host system is: Linux - 5.10.47-linuxkit - x86_64
Compiling the C compiler identification source file "CMakeCCompilerId.c" succeeded.
Compiler: /opt/esp/tools/xtensa-esp32-elf/esp-2022r1-11.2.0/xtensa-esp32-elf/bin/xtensa-esp32-elf-gcc 
Build flags: -mlongcalls;-Wno-frame-address;
Id flags:  

The output was:
0


Compilation of the C compiler identification source "CMakeCCompilerId.c" produced "a.out"

The C compiler identification is GNU, found in "/workspaces/build/bootloader/CMakeFiles/3.16.3/CompilerIdC/a.out"

Compiling the CXX compiler identification source file "CMakeCXXCompilerId.cpp" succeeded.
Compiler: /opt/esp/tools/xtensa-esp32-elf/esp-2022r1-11.2.0/xtensa-esp32-elf/bin/xtensa-esp32-elf-g++ 
Build flags: -mlongcalls;-Wno-frame-address;
Id flags:  

The output was:
0


Compilation of the CXX compiler identification source "CMakeCXXCompilerId.cpp" produced "a.out"

The CXX compiler identification is GNU, found in "/workspaces/build/bootloader/CMakeFiles/3.16.3/CompilerIdCXX/a.out"

Checking whether the ASM compiler is GNU using "--version" matched "(GNU assembler)|(GCC)|(Free Software Foundation)":
xtensa-esp32-elf-gcc (crosstool-NG esp-2022r1) 11.2.0
Copyright (C) 2021 Free Software Foundation, Inc.
This is free software; see the source for copying conditions.  There is NO
warranty; not even for MERCHANTABILITY or FITNESS FOR A PARTICULAR PURPOSE.

Determining if the C compiler works passed with the following output:
Change Dir: /workspaces/build/bootloader/CMakeFiles/CMakeTmp

Run Build Command(s):/usr/bin/ninja cmTC_b9c8a && [1/2] Building C object CMakeFiles/cmTC_b9c8a.dir/testCCompiler.c.obj
[2/2] Linking C executable cmTC_b9c8a



Detecting C compiler ABI info compiled with the following output:
Change Dir: /workspaces/build/bootloader/CMakeFiles/CMakeTmp

Run Build Command(s):/usr/bin/ninja cmTC_1b728 && [1/2] Building C object CMakeFiles/cmTC_1b728.dir/CMakeCCompilerABI.c.obj
Using built-in specs.
COLLECT_GCC=/opt/esp/tools/xtensa-esp32-elf/esp-2022r1-11.2.0/xtensa-esp32-elf/bin/xtensa-esp32-elf-gcc
Target: xtensa-esp32-elf
Configured with: /builds/idf/crosstool-NG/.build/xtensa-esp32-elf/src/gcc/configure --build=x86_64-build_pc-linux-gnu --host=x86_64-build_pc-linux-gnu --target=xtensa-esp32-elf --prefix=/builds/idf/crosstool-NG/builds/xtensa-esp32-elf --exec_prefix=/builds/idf/crosstool-NG/builds/xtensa-esp32-elf --with-local-prefix=/builds/idf/crosstool-NG/builds/xtensa-esp32-elf/xtensa-esp32-elf --with-headers=/builds/idf/crosstool-NG/builds/xtensa-esp32-elf/xtensa-esp32-elf/include --with-newlib --enable-threads=no --disable-shared --with-pkgversion='crosstool-NG esp-2022r1' --disable-__cxa_atexit --enable-cxx-flags=-ffunction-sections --disable-libgomp --disable-libmudflap --disable-libmpx --disable-libssp --disable-libquadmath --disable-libquadmath-support --disable-libstdcxx-verbose --with-gmp=/builds/idf/crosstool-NG/.build/xtensa-esp32-elf/buildtools --with-mpfr=/builds/idf/crosstool-NG/.build/xtensa-esp32-elf/buildtools --with-mpc=/builds/idf/crosstool-NG/.build/xtensa-esp32-elf/buildtools --with-isl=/builds/idf/crosstool-NG/.build/xtensa-esp32-elf/buildtools --enable-lto --enable-target-optspace --without-long-double-128 --disable-nls --enable-multiarch --enable-languages=c,c++ --disable-libstdcxx-verbose --enable-threads=posix --enable-gcov-custom-rtio --enable-libstdcxx-time=yes
Thread model: posix
Supported LTO compression algorithms: zlib
gcc version 11.2.0 (crosstool-NG esp-2022r1) 
COLLECT_GCC_OPTIONS='-mlongcalls' '-Wno-frame-address' '-v' '-o' 'CMakeFiles/cmTC_1b728.dir/CMakeCCompilerABI.c.obj' '-c' '-dumpdir' 'CMakeFiles/cmTC_1b728.dir/'
 /opt/esp/tools/xtensa-esp32-elf/esp-2022r1-11.2.0/xtensa-esp32-elf/bin/../libexec/gcc/xtensa-esp32-elf/11.2.0/cc1 -quiet -v -iprefix /opt/esp/tools/xtensa-esp32-elf/esp-2022r1-11.2.0/xtensa-esp32-elf/bin/../lib/gcc/xtensa-esp32-elf/11.2.0/ /usr/share/cmake-3.16/Modules/CMakeCCompilerABI.c -quiet -dumpdir CMakeFiles/cmTC_1b728.dir/ -dumpbase CMakeCCompilerABI.c.c -dumpbase-ext .c -mlongcalls -Wno-frame-address -version -o /tmp/ccg7Upl6.s
GNU C17 (crosstool-NG esp-2022r1) version 11.2.0 (xtensa-esp32-elf)
	compiled by GNU C version 4.9.2, GMP version 6.2.1, MPFR version 4.1.0, MPC version 1.2.1, isl version isl-0.24-GMP

GGC heuristics: --param ggc-min-expand=100 --param ggc-min-heapsize=131072
ignoring duplicate directory "/opt/esp/tools/xtensa-esp32-elf/esp-2022r1-11.2.0/xtensa-esp32-elf/bin/../lib/gcc/../../lib/gcc/xtensa-esp32-elf/11.2.0/include"
ignoring duplicate directory "/opt/esp/tools/xtensa-esp32-elf/esp-2022r1-11.2.0/xtensa-esp32-elf/bin/../lib/gcc/../../lib/gcc/xtensa-esp32-elf/11.2.0/include-fixed"
ignoring duplicate directory "/opt/esp/tools/xtensa-esp32-elf/esp-2022r1-11.2.0/xtensa-esp32-elf/bin/../lib/gcc/../../lib/gcc/xtensa-esp32-elf/11.2.0/../../../../xtensa-esp32-elf/sys-include"
ignoring duplicate directory "/opt/esp/tools/xtensa-esp32-elf/esp-2022r1-11.2.0/xtensa-esp32-elf/bin/../lib/gcc/../../lib/gcc/xtensa-esp32-elf/11.2.0/../../../../xtensa-esp32-elf/include"
#include "..." search starts here:
#include <...> search starts here:
 /opt/esp/tools/xtensa-esp32-elf/esp-2022r1-11.2.0/xtensa-esp32-elf/bin/../lib/gcc/xtensa-esp32-elf/11.2.0/include
 /opt/esp/tools/xtensa-esp32-elf/esp-2022r1-11.2.0/xtensa-esp32-elf/bin/../lib/gcc/xtensa-esp32-elf/11.2.0/include-fixed
 /opt/esp/tools/xtensa-esp32-elf/esp-2022r1-11.2.0/xtensa-esp32-elf/bin/../lib/gcc/xtensa-esp32-elf/11.2.0/../../../../xtensa-esp32-elf/sys-include
 /opt/esp/tools/xtensa-esp32-elf/esp-2022r1-11.2.0/xtensa-esp32-elf/bin/../lib/gcc/xtensa-esp32-elf/11.2.0/../../../../xtensa-esp32-elf/include
End of search list.
GNU C17 (crosstool-NG esp-2022r1) version 11.2.0 (xtensa-esp32-elf)
	compiled by GNU C version 4.9.2, GMP version 6.2.1, MPFR version 4.1.0, MPC version 1.2.1, isl version isl-0.24-GMP

GGC heuristics: --param ggc-min-expand=100 --param ggc-min-heapsize=131072
Compiler executable checksum: 653dc93e89b654627e5b7db857721226
COLLECT_GCC_OPTIONS='-mlongcalls' '-Wno-frame-address' '-v' '-o' 'CMakeFiles/cmTC_1b728.dir/CMakeCCompilerABI.c.obj' '-c' '-dumpdir' 'CMakeFiles/cmTC_1b728.dir/'
 /opt/esp/tools/xtensa-esp32-elf/esp-2022r1-11.2.0/xtensa-esp32-elf/bin/../lib/gcc/xtensa-esp32-elf/11.2.0/../../../../xtensa-esp32-elf/bin/as --traditional-format --longcalls -o CMakeFiles/cmTC_1b728.dir/CMakeCCompilerABI.c.obj /tmp/ccg7Upl6.s
COMPILER_PATH=/opt/esp/tools/xtensa-esp32-elf/esp-2022r1-11.2.0/xtensa-esp32-elf/bin/../libexec/gcc/xtensa-esp32-elf/11.2.0/:/opt/esp/tools/xtensa-esp32-elf/esp-2022r1-11.2.0/xtensa-esp32-elf/bin/../libexec/gcc/:/opt/esp/tools/xtensa-esp32-elf/esp-2022r1-11.2.0/xtensa-esp32-elf/bin/../lib/gcc/xtensa-esp32-elf/11.2.0/../../../../xtensa-esp32-elf/bin/
LIBRARY_PATH=/opt/esp/tools/xtensa-esp32-elf/esp-2022r1-11.2.0/xtensa-esp32-elf/bin/../lib/gcc/xtensa-esp32-elf/11.2.0/:/opt/esp/tools/xtensa-esp32-elf/esp-2022r1-11.2.0/xtensa-esp32-elf/bin/../lib/gcc/:/opt/esp/tools/xtensa-esp32-elf/esp-2022r1-11.2.0/xtensa-esp32-elf/bin/../lib/gcc/xtensa-esp32-elf/11.2.0/../../../../xtensa-esp32-elf/lib/
COLLECT_GCC_OPTIONS='-mlongcalls' '-Wno-frame-address' '-v' '-o' 'CMakeFiles/cmTC_1b728.dir/CMakeCCompilerABI.c.obj' '-c' '-dumpdir' 'CMakeFiles/cmTC_1b728.dir/CMakeCCompilerABI.c.'
[2/2] Linking C executable cmTC_1b728
Using built-in specs.
COLLECT_GCC=/opt/esp/tools/xtensa-esp32-elf/esp-2022r1-11.2.0/xtensa-esp32-elf/bin/xtensa-esp32-elf-gcc
COLLECT_LTO_WRAPPER=/opt/esp/tools/xtensa-esp32-elf/esp-2022r1-11.2.0/xtensa-esp32-elf/bin/../libexec/gcc/xtensa-esp32-elf/11.2.0/lto-wrapper
Target: xtensa-esp32-elf
Configured with: /builds/idf/crosstool-NG/.build/xtensa-esp32-elf/src/gcc/configure --build=x86_64-build_pc-linux-gnu --host=x86_64-build_pc-linux-gnu --target=xtensa-esp32-elf --prefix=/builds/idf/crosstool-NG/builds/xtensa-esp32-elf --exec_prefix=/builds/idf/crosstool-NG/builds/xtensa-esp32-elf --with-local-prefix=/builds/idf/crosstool-NG/builds/xtensa-esp32-elf/xtensa-esp32-elf --with-headers=/builds/idf/crosstool-NG/builds/xtensa-esp32-elf/xtensa-esp32-elf/include --with-newlib --enable-threads=no --disable-shared --with-pkgversion='crosstool-NG esp-2022r1' --disable-__cxa_atexit --enable-cxx-flags=-ffunction-sections --disable-libgomp --disable-libmudflap --disable-libmpx --disable-libssp --disable-libquadmath --disable-libquadmath-support --disable-libstdcxx-verbose --with-gmp=/builds/idf/crosstool-NG/.build/xtensa-esp32-elf/buildtools --with-mpfr=/builds/idf/crosstool-NG/.build/xtensa-esp32-elf/buildtools --with-mpc=/builds/idf/crosstool-NG/.build/xtensa-esp32-elf/buildtools --with-isl=/builds/idf/crosstool-NG/.build/xtensa-esp32-elf/buildtools --enable-lto --enable-target-optspace --without-long-double-128 --disable-nls --enable-multiarch --enable-languages=c,c++ --disable-libstdcxx-verbose --enable-threads=posix --enable-gcov-custom-rtio --enable-libstdcxx-time=yes
Thread model: posix
Supported LTO compression algorithms: zlib
gcc version 11.2.0 (crosstool-NG esp-2022r1) 
COMPILER_PATH=/opt/esp/tools/xtensa-esp32-elf/esp-2022r1-11.2.0/xtensa-esp32-elf/bin/../libexec/gcc/xtensa-esp32-elf/11.2.0/:/opt/esp/tools/xtensa-esp32-elf/esp-2022r1-11.2.0/xtensa-esp32-elf/bin/../libexec/gcc/:/opt/esp/tools/xtensa-esp32-elf/esp-2022r1-11.2.0/xtensa-esp32-elf/bin/../lib/gcc/xtensa-esp32-elf/11.2.0/../../../../xtensa-esp32-elf/bin/
LIBRARY_PATH=/opt/esp/tools/xtensa-esp32-elf/esp-2022r1-11.2.0/xtensa-esp32-elf/bin/../lib/gcc/xtensa-esp32-elf/11.2.0/:/opt/esp/tools/xtensa-esp32-elf/esp-2022r1-11.2.0/xtensa-esp32-elf/bin/../lib/gcc/:/opt/esp/tools/xtensa-esp32-elf/esp-2022r1-11.2.0/xtensa-esp32-elf/bin/../lib/gcc/xtensa-esp32-elf/11.2.0/../../../../xtensa-esp32-elf/lib/
COLLECT_GCC_OPTIONS='-mlongcalls' '-Wno-frame-address' '-v' '-o' 'cmTC_1b728' '-dumpdir' 'cmTC_1b728.'
 /opt/esp/tools/xtensa-esp32-elf/esp-2022r1-11.2.0/xtensa-esp32-elf/bin/../libexec/gcc/xtensa-esp32-elf/11.2.0/collect2 -plugin /opt/esp/tools/xtensa-esp32-elf/esp-2022r1-11.2.0/xtensa-esp32-elf/bin/../libexec/gcc/xtensa-esp32-elf/11.2.0/liblto_plugin.so -plugin-opt=/opt/esp/tools/xtensa-esp32-elf/esp-2022r1-11.2.0/xtensa-esp32-elf/bin/../libexec/gcc/xtensa-esp32-elf/11.2.0/lto-wrapper -plugin-opt=-fresolution=/tmp/ccRXvSh6.res -plugin-opt=-pass-through=-lgcc -plugin-opt=-pass-through=-lc -plugin-opt=-pass-through=-lnosys -plugin-opt=-pass-through=-lc -plugin-opt=-pass-through=-lgcc -o cmTC_1b728 /opt/esp/tools/xtensa-esp32-elf/esp-2022r1-11.2.0/xtensa-esp32-elf/bin/../lib/gcc/xtensa-esp32-elf/11.2.0/../../../../xtensa-esp32-elf/lib/crt0.o /opt/esp/tools/xtensa-esp32-elf/esp-2022r1-11.2.0/xtensa-esp32-elf/bin/../lib/gcc/xtensa-esp32-elf/11.2.0/crti.o /opt/esp/tools/xtensa-esp32-elf/esp-2022r1-11.2.0/xtensa-esp32-elf/bin/../lib/gcc/xtensa-esp32-elf/11.2.0/crtbegin.o -L/opt/esp/tools/xtensa-esp32-elf/esp-2022r1-11.2.0/xtensa-esp32-elf/bin/../lib/gcc/xtensa-esp32-elf/11.2.0 -L/opt/esp/tools/xtensa-esp32-elf/esp-2022r1-11.2.0/xtensa-esp32-elf/bin/../lib/gcc -L/opt/esp/tools/xtensa-esp32-elf/esp-2022r1-11.2.0/xtensa-esp32-elf/bin/../lib/gcc/xtensa-esp32-elf/11.2.0/../../../../xtensa-esp32-elf/lib CMakeFiles/cmTC_1b728.dir/CMakeCCompilerABI.c.obj -lgcc -lc -lnosys -lc -lgcc /opt/esp/tools/xtensa-esp32-elf/esp-2022r1-11.2.0/xtensa-esp32-elf/bin/../lib/gcc/xtensa-esp32-elf/11.2.0/crtend.o /opt/esp/tools/xtensa-esp32-elf/esp-2022r1-11.2.0/xtensa-esp32-elf/bin/../lib/gcc/xtensa-esp32-elf/11.2.0/crtn.o
COLLECT_GCC_OPTIONS='-mlongcalls' '-Wno-frame-address' '-v' '-o' 'cmTC_1b728' '-dumpdir' 'cmTC_1b728.'



Parsed C implicit include dir info from above output: rv=done
  found start of include info
  found start of implicit include info
    add: [/opt/esp/tools/xtensa-esp32-elf/esp-2022r1-11.2.0/xtensa-esp32-elf/bin/../lib/gcc/xtensa-esp32-elf/11.2.0/include]
    add: [/opt/esp/tools/xtensa-esp32-elf/esp-2022r1-11.2.0/xtensa-esp32-elf/bin/../lib/gcc/xtensa-esp32-elf/11.2.0/include-fixed]
    add: [/opt/esp/tools/xtensa-esp32-elf/esp-2022r1-11.2.0/xtensa-esp32-elf/bin/../lib/gcc/xtensa-esp32-elf/11.2.0/../../../../xtensa-esp32-elf/sys-include]
    add: [/opt/esp/tools/xtensa-esp32-elf/esp-2022r1-11.2.0/xtensa-esp32-elf/bin/../lib/gcc/xtensa-esp32-elf/11.2.0/../../../../xtensa-esp32-elf/include]
  end of search list found
  collapse include dir [/opt/esp/tools/xtensa-esp32-elf/esp-2022r1-11.2.0/xtensa-esp32-elf/bin/../lib/gcc/xtensa-esp32-elf/11.2.0/include] ==> [/opt/esp/tools/xtensa-esp32-elf/esp-2022r1-11.2.0/xtensa-esp32-elf/lib/gcc/xtensa-esp32-elf/11.2.0/include]
  collapse include dir [/opt/esp/tools/xtensa-esp32-elf/esp-2022r1-11.2.0/xtensa-esp32-elf/bin/../lib/gcc/xtensa-esp32-elf/11.2.0/include-fixed] ==> [/opt/esp/tools/xtensa-esp32-elf/esp-2022r1-11.2.0/xtensa-esp32-elf/lib/gcc/xtensa-esp32-elf/11.2.0/include-fixed]
  collapse include dir [/opt/esp/tools/xtensa-esp32-elf/esp-2022r1-11.2.0/xtensa-esp32-elf/bin/../lib/gcc/xtensa-esp32-elf/11.2.0/../../../../xtensa-esp32-elf/sys-include] ==> [/opt/esp/tools/xtensa-esp32-elf/esp-2022r1-11.2.0/xtensa-esp32-elf/xtensa-esp32-elf/sys-include]
  collapse include dir [/opt/esp/tools/xtensa-esp32-elf/esp-2022r1-11.2.0/xtensa-esp32-elf/bin/../lib/gcc/xtensa-esp32-elf/11.2.0/../../../../xtensa-esp32-elf/include] ==> [/opt/esp/tools/xtensa-esp32-elf/esp-2022r1-11.2.0/xtensa-esp32-elf/xtensa-esp32-elf/include]
  implicit include dirs: [/opt/esp/tools/xtensa-esp32-elf/esp-2022r1-11.2.0/xtensa-esp32-elf/lib/gcc/xtensa-esp32-elf/11.2.0/include;/opt/esp/tools/xtensa-esp32-elf/esp-2022r1-11.2.0/xtensa-esp32-elf/lib/gcc/xtensa-esp32-elf/11.2.0/include-fixed;/opt/esp/tools/xtensa-esp32-elf/esp-2022r1-11.2.0/xtensa-esp32-elf/xtensa-esp32-elf/sys-include;/opt/esp/tools/xtensa-esp32-elf/esp-2022r1-11.2.0/xtensa-esp32-elf/xtensa-esp32-elf/include]


Parsed C implicit link information from above output:
  link line regex: [^( *|.*[/\])(xtensa-esp32-elf-ld|CMAKE_LINK_STARTFILE-NOTFOUND|([^/\]+-)?ld|collect2)[^/\]*( |$)]
  ignore line: [Change Dir: /workspaces/build/bootloader/CMakeFiles/CMakeTmp]
  ignore line: []
  ignore line: [Run Build Command(s):/usr/bin/ninja cmTC_1b728 && [1/2] Building C object CMakeFiles/cmTC_1b728.dir/CMakeCCompilerABI.c.obj]
  ignore line: [Using built-in specs.]
  ignore line: [COLLECT_GCC=/opt/esp/tools/xtensa-esp32-elf/esp-2022r1-11.2.0/xtensa-esp32-elf/bin/xtensa-esp32-elf-gcc]
  ignore line: [Target: xtensa-esp32-elf]
  ignore line: [Configured with: /builds/idf/crosstool-NG/.build/xtensa-esp32-elf/src/gcc/configure --build=x86_64-build_pc-linux-gnu --host=x86_64-build_pc-linux-gnu --target=xtensa-esp32-elf --prefix=/builds/idf/crosstool-NG/builds/xtensa-esp32-elf --exec_prefix=/builds/idf/crosstool-NG/builds/xtensa-esp32-elf --with-local-prefix=/builds/idf/crosstool-NG/builds/xtensa-esp32-elf/xtensa-esp32-elf --with-headers=/builds/idf/crosstool-NG/builds/xtensa-esp32-elf/xtensa-esp32-elf/include --with-newlib --enable-threads=no --disable-shared --with-pkgversion='crosstool-NG esp-2022r1' --disable-__cxa_atexit --enable-cxx-flags=-ffunction-sections --disable-libgomp --disable-libmudflap --disable-libmpx --disable-libssp --disable-libquadmath --disable-libquadmath-support --disable-libstdcxx-verbose --with-gmp=/builds/idf/crosstool-NG/.build/xtensa-esp32-elf/buildtools --with-mpfr=/builds/idf/crosstool-NG/.build/xtensa-esp32-elf/buildtools --with-mpc=/builds/idf/crosstool-NG/.build/xtensa-esp32-elf/buildtools --with-isl=/builds/idf/crosstool-NG/.build/xtensa-esp32-elf/buildtools --enable-lto --enable-target-optspace --without-long-double-128 --disable-nls --enable-multiarch --enable-languages=c c++ --disable-libstdcxx-verbose --enable-threads=posix --enable-gcov-custom-rtio --enable-libstdcxx-time=yes]
  ignore line: [Thread model: posix]
  ignore line: [Supported LTO compression algorithms: zlib]
  ignore line: [gcc version 11.2.0 (crosstool-NG esp-2022r1) ]
  ignore line: [COLLECT_GCC_OPTIONS='-mlongcalls' '-Wno-frame-address' '-v' '-o' 'CMakeFiles/cmTC_1b728.dir/CMakeCCompilerABI.c.obj' '-c' '-dumpdir' 'CMakeFiles/cmTC_1b728.dir/']
  ignore line: [ /opt/esp/tools/xtensa-esp32-elf/esp-2022r1-11.2.0/xtensa-esp32-elf/bin/../libexec/gcc/xtensa-esp32-elf/11.2.0/cc1 -quiet -v -iprefix /opt/esp/tools/xtensa-esp32-elf/esp-2022r1-11.2.0/xtensa-esp32-elf/bin/../lib/gcc/xtensa-esp32-elf/11.2.0/ /usr/share/cmake-3.16/Modules/CMakeCCompilerABI.c -quiet -dumpdir CMakeFiles/cmTC_1b728.dir/ -dumpbase CMakeCCompilerABI.c.c -dumpbase-ext .c -mlongcalls -Wno-frame-address -version -o /tmp/ccg7Upl6.s]
  ignore line: [GNU C17 (crosstool-NG esp-2022r1) version 11.2.0 (xtensa-esp32-elf)]
  ignore line: [	compiled by GNU C version 4.9.2  GMP version 6.2.1  MPFR version 4.1.0  MPC version 1.2.1  isl version isl-0.24-GMP]
  ignore line: []
  ignore line: [GGC heuristics: --param ggc-min-expand=100 --param ggc-min-heapsize=131072]
  ignore line: [ignoring duplicate directory "/opt/esp/tools/xtensa-esp32-elf/esp-2022r1-11.2.0/xtensa-esp32-elf/bin/../lib/gcc/../../lib/gcc/xtensa-esp32-elf/11.2.0/include"]
  ignore line: [ignoring duplicate directory "/opt/esp/tools/xtensa-esp32-elf/esp-2022r1-11.2.0/xtensa-esp32-elf/bin/../lib/gcc/../../lib/gcc/xtensa-esp32-elf/11.2.0/include-fixed"]
  ignore line: [ignoring duplicate directory "/opt/esp/tools/xtensa-esp32-elf/esp-2022r1-11.2.0/xtensa-esp32-elf/bin/../lib/gcc/../../lib/gcc/xtensa-esp32-elf/11.2.0/../../../../xtensa-esp32-elf/sys-include"]
  ignore line: [ignoring duplicate directory "/opt/esp/tools/xtensa-esp32-elf/esp-2022r1-11.2.0/xtensa-esp32-elf/bin/../lib/gcc/../../lib/gcc/xtensa-esp32-elf/11.2.0/../../../../xtensa-esp32-elf/include"]
  ignore line: [#include "..." search starts here:]
  ignore line: [#include <...> search starts here:]
  ignore line: [ /opt/esp/tools/xtensa-esp32-elf/esp-2022r1-11.2.0/xtensa-esp32-elf/bin/../lib/gcc/xtensa-esp32-elf/11.2.0/include]
  ignore line: [ /opt/esp/tools/xtensa-esp32-elf/esp-2022r1-11.2.0/xtensa-esp32-elf/bin/../lib/gcc/xtensa-esp32-elf/11.2.0/include-fixed]
  ignore line: [ /opt/esp/tools/xtensa-esp32-elf/esp-2022r1-11.2.0/xtensa-esp32-elf/bin/../lib/gcc/xtensa-esp32-elf/11.2.0/../../../../xtensa-esp32-elf/sys-include]
  ignore line: [ /opt/esp/tools/xtensa-esp32-elf/esp-2022r1-11.2.0/xtensa-esp32-elf/bin/../lib/gcc/xtensa-esp32-elf/11.2.0/../../../../xtensa-esp32-elf/include]
  ignore line: [End of search list.]
  ignore line: [GNU C17 (crosstool-NG esp-2022r1) version 11.2.0 (xtensa-esp32-elf)]
  ignore line: [	compiled by GNU C version 4.9.2  GMP version 6.2.1  MPFR version 4.1.0  MPC version 1.2.1  isl version isl-0.24-GMP]
  ignore line: []
  ignore line: [GGC heuristics: --param ggc-min-expand=100 --param ggc-min-heapsize=131072]
  ignore line: [Compiler executable checksum: 653dc93e89b654627e5b7db857721226]
  ignore line: [COLLECT_GCC_OPTIONS='-mlongcalls' '-Wno-frame-address' '-v' '-o' 'CMakeFiles/cmTC_1b728.dir/CMakeCCompilerABI.c.obj' '-c' '-dumpdir' 'CMakeFiles/cmTC_1b728.dir/']
  ignore line: [ /opt/esp/tools/xtensa-esp32-elf/esp-2022r1-11.2.0/xtensa-esp32-elf/bin/../lib/gcc/xtensa-esp32-elf/11.2.0/../../../../xtensa-esp32-elf/bin/as --traditional-format --longcalls -o CMakeFiles/cmTC_1b728.dir/CMakeCCompilerABI.c.obj /tmp/ccg7Upl6.s]
  ignore line: [COMPILER_PATH=/opt/esp/tools/xtensa-esp32-elf/esp-2022r1-11.2.0/xtensa-esp32-elf/bin/../libexec/gcc/xtensa-esp32-elf/11.2.0/:/opt/esp/tools/xtensa-esp32-elf/esp-2022r1-11.2.0/xtensa-esp32-elf/bin/../libexec/gcc/:/opt/esp/tools/xtensa-esp32-elf/esp-2022r1-11.2.0/xtensa-esp32-elf/bin/../lib/gcc/xtensa-esp32-elf/11.2.0/../../../../xtensa-esp32-elf/bin/]
  ignore line: [LIBRARY_PATH=/opt/esp/tools/xtensa-esp32-elf/esp-2022r1-11.2.0/xtensa-esp32-elf/bin/../lib/gcc/xtensa-esp32-elf/11.2.0/:/opt/esp/tools/xtensa-esp32-elf/esp-2022r1-11.2.0/xtensa-esp32-elf/bin/../lib/gcc/:/opt/esp/tools/xtensa-esp32-elf/esp-2022r1-11.2.0/xtensa-esp32-elf/bin/../lib/gcc/xtensa-esp32-elf/11.2.0/../../../../xtensa-esp32-elf/lib/]
  ignore line: [COLLECT_GCC_OPTIONS='-mlongcalls' '-Wno-frame-address' '-v' '-o' 'CMakeFiles/cmTC_1b728.dir/CMakeCCompilerABI.c.obj' '-c' '-dumpdir' 'CMakeFiles/cmTC_1b728.dir/CMakeCCompilerABI.c.']
  ignore line: [[2/2] Linking C executable cmTC_1b728]
  ignore line: [Using built-in specs.]
  ignore line: [COLLECT_GCC=/opt/esp/tools/xtensa-esp32-elf/esp-2022r1-11.2.0/xtensa-esp32-elf/bin/xtensa-esp32-elf-gcc]
  ignore line: [COLLECT_LTO_WRAPPER=/opt/esp/tools/xtensa-esp32-elf/esp-2022r1-11.2.0/xtensa-esp32-elf/bin/../libexec/gcc/xtensa-esp32-elf/11.2.0/lto-wrapper]
  ignore line: [Target: xtensa-esp32-elf]
  ignore line: [Configured with: /builds/idf/crosstool-NG/.build/xtensa-esp32-elf/src/gcc/configure --build=x86_64-build_pc-linux-gnu --host=x86_64-build_pc-linux-gnu --target=xtensa-esp32-elf --prefix=/builds/idf/crosstool-NG/builds/xtensa-esp32-elf --exec_prefix=/builds/idf/crosstool-NG/builds/xtensa-esp32-elf --with-local-prefix=/builds/idf/crosstool-NG/builds/xtensa-esp32-elf/xtensa-esp32-elf --with-headers=/builds/idf/crosstool-NG/builds/xtensa-esp32-elf/xtensa-esp32-elf/include --with-newlib --enable-threads=no --disable-shared --with-pkgversion='crosstool-NG esp-2022r1' --disable-__cxa_atexit --enable-cxx-flags=-ffunction-sections --disable-libgomp --disable-libmudflap --disable-libmpx --disable-libssp --disable-libquadmath --disable-libquadmath-support --disable-libstdcxx-verbose --with-gmp=/builds/idf/crosstool-NG/.build/xtensa-esp32-elf/buildtools --with-mpfr=/builds/idf/crosstool-NG/.build/xtensa-esp32-elf/buildtools --with-mpc=/builds/idf/crosstool-NG/.build/xtensa-esp32-elf/buildtools --with-isl=/builds/idf/crosstool-NG/.build/xtensa-esp32-elf/buildtools --enable-lto --enable-target-optspace --without-long-double-128 --disable-nls --enable-multiarch --enable-languages=c c++ --disable-libstdcxx-verbose --enable-threads=posix --enable-gcov-custom-rtio --enable-libstdcxx-time=yes]
  ignore line: [Thread model: posix]
  ignore line: [Supported LTO compression algorithms: zlib]
  ignore line: [gcc version 11.2.0 (crosstool-NG esp-2022r1) ]
  ignore line: [COMPILER_PATH=/opt/esp/tools/xtensa-esp32-elf/esp-2022r1-11.2.0/xtensa-esp32-elf/bin/../libexec/gcc/xtensa-esp32-elf/11.2.0/:/opt/esp/tools/xtensa-esp32-elf/esp-2022r1-11.2.0/xtensa-esp32-elf/bin/../libexec/gcc/:/opt/esp/tools/xtensa-esp32-elf/esp-2022r1-11.2.0/xtensa-esp32-elf/bin/../lib/gcc/xtensa-esp32-elf/11.2.0/../../../../xtensa-esp32-elf/bin/]
  ignore line: [LIBRARY_PATH=/opt/esp/tools/xtensa-esp32-elf/esp-2022r1-11.2.0/xtensa-esp32-elf/bin/../lib/gcc/xtensa-esp32-elf/11.2.0/:/opt/esp/tools/xtensa-esp32-elf/esp-2022r1-11.2.0/xtensa-esp32-elf/bin/../lib/gcc/:/opt/esp/tools/xtensa-esp32-elf/esp-2022r1-11.2.0/xtensa-esp32-elf/bin/../lib/gcc/xtensa-esp32-elf/11.2.0/../../../../xtensa-esp32-elf/lib/]
  ignore line: [COLLECT_GCC_OPTIONS='-mlongcalls' '-Wno-frame-address' '-v' '-o' 'cmTC_1b728' '-dumpdir' 'cmTC_1b728.']
  link line: [ /opt/esp/tools/xtensa-esp32-elf/esp-2022r1-11.2.0/xtensa-esp32-elf/bin/../libexec/gcc/xtensa-esp32-elf/11.2.0/collect2 -plugin /opt/esp/tools/xtensa-esp32-elf/esp-2022r1-11.2.0/xtensa-esp32-elf/bin/../libexec/gcc/xtensa-esp32-elf/11.2.0/liblto_plugin.so -plugin-opt=/opt/esp/tools/xtensa-esp32-elf/esp-2022r1-11.2.0/xtensa-esp32-elf/bin/../libexec/gcc/xtensa-esp32-elf/11.2.0/lto-wrapper -plugin-opt=-fresolution=/tmp/ccRXvSh6.res -plugin-opt=-pass-through=-lgcc -plugin-opt=-pass-through=-lc -plugin-opt=-pass-through=-lnosys -plugin-opt=-pass-through=-lc -plugin-opt=-pass-through=-lgcc -o cmTC_1b728 /opt/esp/tools/xtensa-esp32-elf/esp-2022r1-11.2.0/xtensa-esp32-elf/bin/../lib/gcc/xtensa-esp32-elf/11.2.0/../../../../xtensa-esp32-elf/lib/crt0.o /opt/esp/tools/xtensa-esp32-elf/esp-2022r1-11.2.0/xtensa-esp32-elf/bin/../lib/gcc/xtensa-esp32-elf/11.2.0/crti.o /opt/esp/tools/xtensa-esp32-elf/esp-2022r1-11.2.0/xtensa-esp32-elf/bin/../lib/gcc/xtensa-esp32-elf/11.2.0/crtbegin.o -L/opt/esp/tools/xtensa-esp32-elf/esp-2022r1-11.2.0/xtensa-esp32-elf/bin/../lib/gcc/xtensa-esp32-elf/11.2.0 -L/opt/esp/tools/xtensa-esp32-elf/esp-2022r1-11.2.0/xtensa-esp32-elf/bin/../lib/gcc -L/opt/esp/tools/xtensa-esp32-elf/esp-2022r1-11.2.0/xtensa-esp32-elf/bin/../lib/gcc/xtensa-esp32-elf/11.2.0/../../../../xtensa-esp32-elf/lib CMakeFiles/cmTC_1b728.dir/CMakeCCompilerABI.c.obj -lgcc -lc -lnosys -lc -lgcc /opt/esp/tools/xtensa-esp32-elf/esp-2022r1-11.2.0/xtensa-esp32-elf/bin/../lib/gcc/xtensa-esp32-elf/11.2.0/crtend.o /opt/esp/tools/xtensa-esp32-elf/esp-2022r1-11.2.0/xtensa-esp32-elf/bin/../lib/gcc/xtensa-esp32-elf/11.2.0/crtn.o]
    arg [/opt/esp/tools/xtensa-esp32-elf/esp-2022r1-11.2.0/xtensa-esp32-elf/bin/../libexec/gcc/xtensa-esp32-elf/11.2.0/collect2] ==> ignore
    arg [-plugin] ==> ignore
    arg [/opt/esp/tools/xtensa-esp32-elf/esp-2022r1-11.2.0/xtensa-esp32-elf/bin/../libexec/gcc/xtensa-esp32-elf/11.2.0/liblto_plugin.so] ==> ignore
    arg [-plugin-opt=/opt/esp/tools/xtensa-esp32-elf/esp-2022r1-11.2.0/xtensa-esp32-elf/bin/../libexec/gcc/xtensa-esp32-elf/11.2.0/lto-wrapper] ==> ignore
    arg [-plugin-opt=-fresolution=/tmp/ccRXvSh6.res] ==> ignore
    arg [-plugin-opt=-pass-through=-lgcc] ==> ignore
    arg [-plugin-opt=-pass-through=-lc] ==> ignore
    arg [-plugin-opt=-pass-through=-lnosys] ==> ignore
    arg [-plugin-opt=-pass-through=-lc] ==> ignore
    arg [-plugin-opt=-pass-through=-lgcc] ==> ignore
    arg [-o] ==> ignore
    arg [cmTC_1b728] ==> ignore
    arg [/opt/esp/tools/xtensa-esp32-elf/esp-2022r1-11.2.0/xtensa-esp32-elf/bin/../lib/gcc/xtensa-esp32-elf/11.2.0/../../../../xtensa-esp32-elf/lib/crt0.o] ==> ignore
    arg [/opt/esp/tools/xtensa-esp32-elf/esp-2022r1-11.2.0/xtensa-esp32-elf/bin/../lib/gcc/xtensa-esp32-elf/11.2.0/crti.o] ==> ignore
    arg [/opt/esp/tools/xtensa-esp32-elf/esp-2022r1-11.2.0/xtensa-esp32-elf/bin/../lib/gcc/xtensa-esp32-elf/11.2.0/crtbegin.o] ==> ignore
    arg [-L/opt/esp/tools/xtensa-esp32-elf/esp-2022r1-11.2.0/xtensa-esp32-elf/bin/../lib/gcc/xtensa-esp32-elf/11.2.0] ==> dir [/opt/esp/tools/xtensa-esp32-elf/esp-2022r1-11.2.0/xtensa-esp32-elf/bin/../lib/gcc/xtensa-esp32-elf/11.2.0]
    arg [-L/opt/esp/tools/xtensa-esp32-elf/esp-2022r1-11.2.0/xtensa-esp32-elf/bin/../lib/gcc] ==> dir [/opt/esp/tools/xtensa-esp32-elf/esp-2022r1-11.2.0/xtensa-esp32-elf/bin/../lib/gcc]
    arg [-L/opt/esp/tools/xtensa-esp32-elf/esp-2022r1-11.2.0/xtensa-esp32-elf/bin/../lib/gcc/xtensa-esp32-elf/11.2.0/../../../../xtensa-esp32-elf/lib] ==> dir [/opt/esp/tools/xtensa-esp32-elf/esp-2022r1-11.2.0/xtensa-esp32-elf/bin/../lib/gcc/xtensa-esp32-elf/11.2.0/../../../../xtensa-esp32-elf/lib]
    arg [CMakeFiles/cmTC_1b728.dir/CMakeCCompilerABI.c.obj] ==> ignore
    arg [-lgcc] ==> lib [gcc]
    arg [-lc] ==> lib [c]
    arg [-lnosys] ==> lib [nosys]
    arg [-lc] ==> lib [c]
    arg [-lgcc] ==> lib [gcc]
    arg [/opt/esp/tools/xtensa-esp32-elf/esp-2022r1-11.2.0/xtensa-esp32-elf/bin/../lib/gcc/xtensa-esp32-elf/11.2.0/crtend.o] ==> ignore
    arg [/opt/esp/tools/xtensa-esp32-elf/esp-2022r1-11.2.0/xtensa-esp32-elf/bin/../lib/gcc/xtensa-esp32-elf/11.2.0/crtn.o] ==> ignore
  collapse library dir [/opt/esp/tools/xtensa-esp32-elf/esp-2022r1-11.2.0/xtensa-esp32-elf/bin/../lib/gcc/xtensa-esp32-elf/11.2.0] ==> [/opt/esp/tools/xtensa-esp32-elf/esp-2022r1-11.2.0/xtensa-esp32-elf/lib/gcc/xtensa-esp32-elf/11.2.0]
  collapse library dir [/opt/esp/tools/xtensa-esp32-elf/esp-2022r1-11.2.0/xtensa-esp32-elf/bin/../lib/gcc] ==> [/opt/esp/tools/xtensa-esp32-elf/esp-2022r1-11.2.0/xtensa-esp32-elf/lib/gcc]
  collapse library dir [/opt/esp/tools/xtensa-esp32-elf/esp-2022r1-11.2.0/xtensa-esp32-elf/bin/../lib/gcc/xtensa-esp32-elf/11.2.0/../../../../xtensa-esp32-elf/lib] ==> [/opt/esp/tools/xtensa-esp32-elf/esp-2022r1-11.2.0/xtensa-esp32-elf/xtensa-esp32-elf/lib]
  implicit libs: [gcc;c;nosys;c;gcc]
  implicit dirs: [/opt/esp/tools/xtensa-esp32-elf/esp-2022r1-11.2.0/xtensa-esp32-elf/lib/gcc/xtensa-esp32-elf/11.2.0;/opt/esp/tools/xtensa-esp32-elf/esp-2022r1-11.2.0/xtensa-esp32-elf/lib/gcc;/opt/esp/tools/xtensa-esp32-elf/esp-2022r1-11.2.0/xtensa-esp32-elf/xtensa-esp32-elf/lib]
  implicit fwks: []


Determining if the CXX compiler works passed with the following output:
Change Dir: /workspaces/build/bootloader/CMakeFiles/CMakeTmp

Run Build Command(s):/usr/bin/ninja cmTC_a1d45 && [1/2] Building CXX object CMakeFiles/cmTC_a1d45.dir/testCXXCompiler.cxx.obj
[2/2] Linking CXX executable cmTC_a1d45



Detecting CXX compiler ABI info compiled with the following output:
Change Dir: /workspaces/build/bootloader/CMakeFiles/CMakeTmp

Run Build Command(s):/usr/bin/ninja cmTC_1bbf5 && [1/2] Building CXX object CMakeFiles/cmTC_1bbf5.dir/CMakeCXXCompilerABI.cpp.obj
Using built-in specs.
COLLECT_GCC=/opt/esp/tools/xtensa-esp32-elf/esp-2022r1-11.2.0/xtensa-esp32-elf/bin/xtensa-esp32-elf-g++
Target: xtensa-esp32-elf
Configured with: /builds/idf/crosstool-NG/.build/xtensa-esp32-elf/src/gcc/configure --build=x86_64-build_pc-linux-gnu --host=x86_64-build_pc-linux-gnu --target=xtensa-esp32-elf --prefix=/builds/idf/crosstool-NG/builds/xtensa-esp32-elf --exec_prefix=/builds/idf/crosstool-NG/builds/xtensa-esp32-elf --with-local-prefix=/builds/idf/crosstool-NG/builds/xtensa-esp32-elf/xtensa-esp32-elf --with-headers=/builds/idf/crosstool-NG/builds/xtensa-esp32-elf/xtensa-esp32-elf/include --with-newlib --enable-threads=no --disable-shared --with-pkgversion='crosstool-NG esp-2022r1' --disable-__cxa_atexit --enable-cxx-flags=-ffunction-sections --disable-libgomp --disable-libmudflap --disable-libmpx --disable-libssp --disable-libquadmath --disable-libquadmath-support --disable-libstdcxx-verbose --with-gmp=/builds/idf/crosstool-NG/.build/xtensa-esp32-elf/buildtools --with-mpfr=/builds/idf/crosstool-NG/.build/xtensa-esp32-elf/buildtools --with-mpc=/builds/idf/crosstool-NG/.build/xtensa-esp32-elf/buildtools --with-isl=/builds/idf/crosstool-NG/.build/xtensa-esp32-elf/buildtools --enable-lto --enable-target-optspace --without-long-double-128 --disable-nls --enable-multiarch --enable-languages=c,c++ --disable-libstdcxx-verbose --enable-threads=posix --enable-gcov-custom-rtio --enable-libstdcxx-time=yes
Thread model: posix
Supported LTO compression algorithms: zlib
gcc version 11.2.0 (crosstool-NG esp-2022r1) 
COLLECT_GCC_OPTIONS='-mlongcalls' '-Wno-frame-address' '-v' '-o' 'CMakeFiles/cmTC_1bbf5.dir/CMakeCXXCompilerABI.cpp.obj' '-c' '-dumpdir' 'CMakeFiles/cmTC_1bbf5.dir/'
 /opt/esp/tools/xtensa-esp32-elf/esp-2022r1-11.2.0/xtensa-esp32-elf/bin/../libexec/gcc/xtensa-esp32-elf/11.2.0/cc1plus -quiet -v -iprefix /opt/esp/tools/xtensa-esp32-elf/esp-2022r1-11.2.0/xtensa-esp32-elf/bin/../lib/gcc/xtensa-esp32-elf/11.2.0/ /usr/share/cmake-3.16/Modules/CMakeCXXCompilerABI.cpp -quiet -dumpdir CMakeFiles/cmTC_1bbf5.dir/ -dumpbase CMakeCXXCompilerABI.cpp.cpp -dumpbase-ext .cpp -mlongcalls -Wno-frame-address -version -o /tmp/cc2fdODS.s
GNU C++17 (crosstool-NG esp-2022r1) version 11.2.0 (xtensa-esp32-elf)
	compiled by GNU C version 4.9.2, GMP version 6.2.1, MPFR version 4.1.0, MPC version 1.2.1, isl version isl-0.24-GMP

GGC heuristics: --param ggc-min-expand=100 --param ggc-min-heapsize=131072
ignoring duplicate directory "/opt/esp/tools/xtensa-esp32-elf/esp-2022r1-11.2.0/xtensa-esp32-elf/bin/../lib/gcc/../../lib/gcc/xtensa-esp32-elf/11.2.0/../../../../xtensa-esp32-elf/include/c++/11.2.0"
ignoring duplicate directory "/opt/esp/tools/xtensa-esp32-elf/esp-2022r1-11.2.0/xtensa-esp32-elf/bin/../lib/gcc/../../lib/gcc/xtensa-esp32-elf/11.2.0/../../../../xtensa-esp32-elf/include/c++/11.2.0/xtensa-esp32-elf"
ignoring duplicate directory "/opt/esp/tools/xtensa-esp32-elf/esp-2022r1-11.2.0/xtensa-esp32-elf/bin/../lib/gcc/../../lib/gcc/xtensa-esp32-elf/11.2.0/../../../../xtensa-esp32-elf/include/c++/11.2.0/backward"
ignoring duplicate directory "/opt/esp/tools/xtensa-esp32-elf/esp-2022r1-11.2.0/xtensa-esp32-elf/bin/../lib/gcc/../../lib/gcc/xtensa-esp32-elf/11.2.0/include"
ignoring duplicate directory "/opt/esp/tools/xtensa-esp32-elf/esp-2022r1-11.2.0/xtensa-esp32-elf/bin/../lib/gcc/../../lib/gcc/xtensa-esp32-elf/11.2.0/include-fixed"
ignoring duplicate directory "/opt/esp/tools/xtensa-esp32-elf/esp-2022r1-11.2.0/xtensa-esp32-elf/bin/../lib/gcc/../../lib/gcc/xtensa-esp32-elf/11.2.0/../../../../xtensa-esp32-elf/sys-include"
ignoring duplicate directory "/opt/esp/tools/xtensa-esp32-elf/esp-2022r1-11.2.0/xtensa-esp32-elf/bin/../lib/gcc/../../lib/gcc/xtensa-esp32-elf/11.2.0/../../../../xtensa-esp32-elf/include"
#include "..." search starts here:
#include <...> search starts here:
 /opt/esp/tools/xtensa-esp32-elf/esp-2022r1-11.2.0/xtensa-esp32-elf/bin/../lib/gcc/xtensa-esp32-elf/11.2.0/../../../../xtensa-esp32-elf/include/c++/11.2.0
 /opt/esp/tools/xtensa-esp32-elf/esp-2022r1-11.2.0/xtensa-esp32-elf/bin/../lib/gcc/xtensa-esp32-elf/11.2.0/../../../../xtensa-esp32-elf/include/c++/11.2.0/xtensa-esp32-elf
 /opt/esp/tools/xtensa-esp32-elf/esp-2022r1-11.2.0/xtensa-esp32-elf/bin/../lib/gcc/xtensa-esp32-elf/11.2.0/../../../../xtensa-esp32-elf/include/c++/11.2.0/backward
 /opt/esp/tools/xtensa-esp32-elf/esp-2022r1-11.2.0/xtensa-esp32-elf/bin/../lib/gcc/xtensa-esp32-elf/11.2.0/include
 /opt/esp/tools/xtensa-esp32-elf/esp-2022r1-11.2.0/xtensa-esp32-elf/bin/../lib/gcc/xtensa-esp32-elf/11.2.0/include-fixed
 /opt/esp/tools/xtensa-esp32-elf/esp-2022r1-11.2.0/xtensa-esp32-elf/bin/../lib/gcc/xtensa-esp32-elf/11.2.0/../../../../xtensa-esp32-elf/sys-include
 /opt/esp/tools/xtensa-esp32-elf/esp-2022r1-11.2.0/xtensa-esp32-elf/bin/../lib/gcc/xtensa-esp32-elf/11.2.0/../../../../xtensa-esp32-elf/include
End of search list.
GNU C++17 (crosstool-NG esp-2022r1) version 11.2.0 (xtensa-esp32-elf)
	compiled by GNU C version 4.9.2, GMP version 6.2.1, MPFR version 4.1.0, MPC version 1.2.1, isl version isl-0.24-GMP

GGC heuristics: --param ggc-min-expand=100 --param ggc-min-heapsize=131072
Compiler executable checksum: 69ef0c26a581aece6835fdfb15e451af
COLLECT_GCC_OPTIONS='-mlongcalls' '-Wno-frame-address' '-v' '-o' 'CMakeFiles/cmTC_1bbf5.dir/CMakeCXXCompilerABI.cpp.obj' '-c' '-dumpdir' 'CMakeFiles/cmTC_1bbf5.dir/'
 /opt/esp/tools/xtensa-esp32-elf/esp-2022r1-11.2.0/xtensa-esp32-elf/bin/../lib/gcc/xtensa-esp32-elf/11.2.0/../../../../xtensa-esp32-elf/bin/as --traditional-format --longcalls -o CMakeFiles/cmTC_1bbf5.dir/CMakeCXXCompilerABI.cpp.obj /tmp/cc2fdODS.s
COMPILER_PATH=/opt/esp/tools/xtensa-esp32-elf/esp-2022r1-11.2.0/xtensa-esp32-elf/bin/../libexec/gcc/xtensa-esp32-elf/11.2.0/:/opt/esp/tools/xtensa-esp32-elf/esp-2022r1-11.2.0/xtensa-esp32-elf/bin/../libexec/gcc/:/opt/esp/tools/xtensa-esp32-elf/esp-2022r1-11.2.0/xtensa-esp32-elf/bin/../lib/gcc/xtensa-esp32-elf/11.2.0/../../../../xtensa-esp32-elf/bin/
LIBRARY_PATH=/opt/esp/tools/xtensa-esp32-elf/esp-2022r1-11.2.0/xtensa-esp32-elf/bin/../lib/gcc/xtensa-esp32-elf/11.2.0/:/opt/esp/tools/xtensa-esp32-elf/esp-2022r1-11.2.0/xtensa-esp32-elf/bin/../lib/gcc/:/opt/esp/tools/xtensa-esp32-elf/esp-2022r1-11.2.0/xtensa-esp32-elf/bin/../lib/gcc/xtensa-esp32-elf/11.2.0/../../../../xtensa-esp32-elf/lib/
COLLECT_GCC_OPTIONS='-mlongcalls' '-Wno-frame-address' '-v' '-o' 'CMakeFiles/cmTC_1bbf5.dir/CMakeCXXCompilerABI.cpp.obj' '-c' '-dumpdir' 'CMakeFiles/cmTC_1bbf5.dir/CMakeCXXCompilerABI.cpp.'
[2/2] Linking CXX executable cmTC_1bbf5
Using built-in specs.
COLLECT_GCC=/opt/esp/tools/xtensa-esp32-elf/esp-2022r1-11.2.0/xtensa-esp32-elf/bin/xtensa-esp32-elf-g++
COLLECT_LTO_WRAPPER=/opt/esp/tools/xtensa-esp32-elf/esp-2022r1-11.2.0/xtensa-esp32-elf/bin/../libexec/gcc/xtensa-esp32-elf/11.2.0/lto-wrapper
Target: xtensa-esp32-elf
Configured with: /builds/idf/crosstool-NG/.build/xtensa-esp32-elf/src/gcc/configure --build=x86_64-build_pc-linux-gnu --host=x86_64-build_pc-linux-gnu --target=xtensa-esp32-elf --prefix=/builds/idf/crosstool-NG/builds/xtensa-esp32-elf --exec_prefix=/builds/idf/crosstool-NG/builds/xtensa-esp32-elf --with-local-prefix=/builds/idf/crosstool-NG/builds/xtensa-esp32-elf/xtensa-esp32-elf --with-headers=/builds/idf/crosstool-NG/builds/xtensa-esp32-elf/xtensa-esp32-elf/include --with-newlib --enable-threads=no --disable-shared --with-pkgversion='crosstool-NG esp-2022r1' --disable-__cxa_atexit --enable-cxx-flags=-ffunction-sections --disable-libgomp --disable-libmudflap --disable-libmpx --disable-libssp --disable-libquadmath --disable-libquadmath-support --disable-libstdcxx-verbose --with-gmp=/builds/idf/crosstool-NG/.build/xtensa-esp32-elf/buildtools --with-mpfr=/builds/idf/crosstool-NG/.build/xtensa-esp32-elf/buildtools --with-mpc=/builds/idf/crosstool-NG/.build/xtensa-esp32-elf/buildtools --with-isl=/builds/idf/crosstool-NG/.build/xtensa-esp32-elf/buildtools --enable-lto --enable-target-optspace --without-long-double-128 --disable-nls --enable-multiarch --enable-languages=c,c++ --disable-libstdcxx-verbose --enable-threads=posix --enable-gcov-custom-rtio --enable-libstdcxx-time=yes
Thread model: posix
Supported LTO compression algorithms: zlib
gcc version 11.2.0 (crosstool-NG esp-2022r1) 
COMPILER_PATH=/opt/esp/tools/xtensa-esp32-elf/esp-2022r1-11.2.0/xtensa-esp32-elf/bin/../libexec/gcc/xtensa-esp32-elf/11.2.0/:/opt/esp/tools/xtensa-esp32-elf/esp-2022r1-11.2.0/xtensa-esp32-elf/bin/../libexec/gcc/:/opt/esp/tools/xtensa-esp32-elf/esp-2022r1-11.2.0/xtensa-esp32-elf/bin/../lib/gcc/xtensa-esp32-elf/11.2.0/../../../../xtensa-esp32-elf/bin/
LIBRARY_PATH=/opt/esp/tools/xtensa-esp32-elf/esp-2022r1-11.2.0/xtensa-esp32-elf/bin/../lib/gcc/xtensa-esp32-elf/11.2.0/:/opt/esp/tools/xtensa-esp32-elf/esp-2022r1-11.2.0/xtensa-esp32-elf/bin/../lib/gcc/:/opt/esp/tools/xtensa-esp32-elf/esp-2022r1-11.2.0/xtensa-esp32-elf/bin/../lib/gcc/xtensa-esp32-elf/11.2.0/../../../../xtensa-esp32-elf/lib/
COLLECT_GCC_OPTIONS='-mlongcalls' '-Wno-frame-address' '-v' '-o' 'cmTC_1bbf5' '-dumpdir' 'cmTC_1bbf5.'
 /opt/esp/tools/xtensa-esp32-elf/esp-2022r1-11.2.0/xtensa-esp32-elf/bin/../libexec/gcc/xtensa-esp32-elf/11.2.0/collect2 -plugin /opt/esp/tools/xtensa-esp32-elf/esp-2022r1-11.2.0/xtensa-esp32-elf/bin/../libexec/gcc/xtensa-esp32-elf/11.2.0/liblto_plugin.so -plugin-opt=/opt/esp/tools/xtensa-esp32-elf/esp-2022r1-11.2.0/xtensa-esp32-elf/bin/../libexec/gcc/xtensa-esp32-elf/11.2.0/lto-wrapper -plugin-opt=-fresolution=/tmp/ccBeFAJW.res -plugin-opt=-pass-through=-lgcc -plugin-opt=-pass-through=-lc -plugin-opt=-pass-through=-lnosys -plugin-opt=-pass-through=-lc -plugin-opt=-pass-through=-lgcc -o cmTC_1bbf5 /opt/esp/tools/xtensa-esp32-elf/esp-2022r1-11.2.0/xtensa-esp32-elf/bin/../lib/gcc/xtensa-esp32-elf/11.2.0/../../../../xtensa-esp32-elf/lib/crt0.o /opt/esp/tools/xtensa-esp32-elf/esp-2022r1-11.2.0/xtensa-esp32-elf/bin/../lib/gcc/xtensa-esp32-elf/11.2.0/crti.o /opt/esp/tools/xtensa-esp32-elf/esp-2022r1-11.2.0/xtensa-esp32-elf/bin/../lib/gcc/xtensa-esp32-elf/11.2.0/crtbegin.o -L/opt/esp/tools/xtensa-esp32-elf/esp-2022r1-11.2.0/xtensa-esp32-elf/bin/../lib/gcc/xtensa-esp32-elf/11.2.0 -L/opt/esp/tools/xtensa-esp32-elf/esp-2022r1-11.2.0/xtensa-esp32-elf/bin/../lib/gcc -L/opt/esp/tools/xtensa-esp32-elf/esp-2022r1-11.2.0/xtensa-esp32-elf/bin/../lib/gcc/xtensa-esp32-elf/11.2.0/../../../../xtensa-esp32-elf/lib CMakeFiles/cmTC_1bbf5.dir/CMakeCXXCompilerABI.cpp.obj -lstdc++ -lm -lgcc -lc -lnosys -lc -lgcc /opt/esp/tools/xtensa-esp32-elf/esp-2022r1-11.2.0/xtensa-esp32-elf/bin/../lib/gcc/xtensa-esp32-elf/11.2.0/crtend.o /opt/esp/tools/xtensa-esp32-elf/esp-2022r1-11.2.0/xtensa-esp32-elf/bin/../lib/gcc/xtensa-esp32-elf/11.2.0/crtn.o
COLLECT_GCC_OPTIONS='-mlongcalls' '-Wno-frame-address' '-v' '-o' 'cmTC_1bbf5' '-dumpdir' 'cmTC_1bbf5.'



Parsed CXX implicit include dir info from above output: rv=done
  found start of include info
  found start of implicit include info
    add: [/opt/esp/tools/xtensa-esp32-elf/esp-2022r1-11.2.0/xtensa-esp32-elf/bin/../lib/gcc/xtensa-esp32-elf/11.2.0/../../../../xtensa-esp32-elf/include/c++/11.2.0]
    add: [/opt/esp/tools/xtensa-esp32-elf/esp-2022r1-11.2.0/xtensa-esp32-elf/bin/../lib/gcc/xtensa-esp32-elf/11.2.0/../../../../xtensa-esp32-elf/include/c++/11.2.0/xtensa-esp32-elf]
    add: [/opt/esp/tools/xtensa-esp32-elf/esp-2022r1-11.2.0/xtensa-esp32-elf/bin/../lib/gcc/xtensa-esp32-elf/11.2.0/../../../../xtensa-esp32-elf/include/c++/11.2.0/backward]
    add: [/opt/esp/tools/xtensa-esp32-elf/esp-2022r1-11.2.0/xtensa-esp32-elf/bin/../lib/gcc/xtensa-esp32-elf/11.2.0/include]
    add: [/opt/esp/tools/xtensa-esp32-elf/esp-2022r1-11.2.0/xtensa-esp32-elf/bin/../lib/gcc/xtensa-esp32-elf/11.2.0/include-fixed]
    add: [/opt/esp/tools/xtensa-esp32-elf/esp-2022r1-11.2.0/xtensa-esp32-elf/bin/../lib/gcc/xtensa-esp32-elf/11.2.0/../../../../xtensa-esp32-elf/sys-include]
    add: [/opt/esp/tools/xtensa-esp32-elf/esp-2022r1-11.2.0/xtensa-esp32-elf/bin/../lib/gcc/xtensa-esp32-elf/11.2.0/../../../../xtensa-esp32-elf/include]
  end of search list found
  collapse include dir [/opt/esp/tools/xtensa-esp32-elf/esp-2022r1-11.2.0/xtensa-esp32-elf/bin/../lib/gcc/xtensa-esp32-elf/11.2.0/../../../../xtensa-esp32-elf/include/c++/11.2.0] ==> [/opt/esp/tools/xtensa-esp32-elf/esp-2022r1-11.2.0/xtensa-esp32-elf/xtensa-esp32-elf/include/c++/11.2.0]
  collapse include dir [/opt/esp/tools/xtensa-esp32-elf/esp-2022r1-11.2.0/xtensa-esp32-elf/bin/../lib/gcc/xtensa-esp32-elf/11.2.0/../../../../xtensa-esp32-elf/include/c++/11.2.0/xtensa-esp32-elf] ==> [/opt/esp/tools/xtensa-esp32-elf/esp-2022r1-11.2.0/xtensa-esp32-elf/xtensa-esp32-elf/include/c++/11.2.0/xtensa-esp32-elf]
  collapse include dir [/opt/esp/tools/xtensa-esp32-elf/esp-2022r1-11.2.0/xtensa-esp32-elf/bin/../lib/gcc/xtensa-esp32-elf/11.2.0/../../../../xtensa-esp32-elf/include/c++/11.2.0/backward] ==> [/opt/esp/tools/xtensa-esp32-elf/esp-2022r1-11.2.0/xtensa-esp32-elf/xtensa-esp32-elf/include/c++/11.2.0/backward]
  collapse include dir [/opt/esp/tools/xtensa-esp32-elf/esp-2022r1-11.2.0/xtensa-esp32-elf/bin/../lib/gcc/xtensa-esp32-elf/11.2.0/include] ==> [/opt/esp/tools/xtensa-esp32-elf/esp-2022r1-11.2.0/xtensa-esp32-elf/lib/gcc/xtensa-esp32-elf/11.2.0/include]
  collapse include dir [/opt/esp/tools/xtensa-esp32-elf/esp-2022r1-11.2.0/xtensa-esp32-elf/bin/../lib/gcc/xtensa-esp32-elf/11.2.0/include-fixed] ==> [/opt/esp/tools/xtensa-esp32-elf/esp-2022r1-11.2.0/xtensa-esp32-elf/lib/gcc/xtensa-esp32-elf/11.2.0/include-fixed]
  collapse include dir [/opt/esp/tools/xtensa-esp32-elf/esp-2022r1-11.2.0/xtensa-esp32-elf/bin/../lib/gcc/xtensa-esp32-elf/11.2.0/../../../../xtensa-esp32-elf/sys-include] ==> [/opt/esp/tools/xtensa-esp32-elf/esp-2022r1-11.2.0/xtensa-esp32-elf/xtensa-esp32-elf/sys-include]
  collapse include dir [/opt/esp/tools/xtensa-esp32-elf/esp-2022r1-11.2.0/xtensa-esp32-elf/bin/../lib/gcc/xtensa-esp32-elf/11.2.0/../../../../xtensa-esp32-elf/include] ==> [/opt/esp/tools/xtensa-esp32-elf/esp-2022r1-11.2.0/xtensa-esp32-elf/xtensa-esp32-elf/include]
  implicit include dirs: [/opt/esp/tools/xtensa-esp32-elf/esp-2022r1-11.2.0/xtensa-esp32-elf/xtensa-esp32-elf/include/c++/11.2.0;/opt/esp/tools/xtensa-esp32-elf/esp-2022r1-11.2.0/xtensa-esp32-elf/xtensa-esp32-elf/include/c++/11.2.0/xtensa-esp32-elf;/opt/esp/tools/xtensa-esp32-elf/esp-2022r1-11.2.0/xtensa-esp32-elf/xtensa-esp32-elf/include/c++/11.2.0/backward;/opt/esp/tools/xtensa-esp32-elf/esp-2022r1-11.2.0/xtensa-esp32-elf/lib/gcc/xtensa-esp32-elf/11.2.0/include;/opt/esp/tools/xtensa-esp32-elf/esp-2022r1-11.2.0/xtensa-esp32-elf/lib/gcc/xtensa-esp32-elf/11.2.0/include-fixed;/opt/esp/tools/xtensa-esp32-elf/esp-2022r1-11.2.0/xtensa-esp32-elf/xtensa-esp32-elf/sys-include;/opt/esp/tools/xtensa-esp32-elf/esp-2022r1-11.2.0/xtensa-esp32-elf/xtensa-esp32-elf/include]


Parsed CXX implicit link information from above output:
  link line regex: [^( *|.*[/\])(xtensa-esp32-elf-ld|CMAKE_LINK_STARTFILE-NOTFOUND|([^/\]+-)?ld|collect2)[^/\]*( |$)]
  ignore line: [Change Dir: /workspaces/build/bootloader/CMakeFiles/CMakeTmp]
  ignore line: []
  ignore line: [Run Build Command(s):/usr/bin/ninja cmTC_1bbf5 && [1/2] Building CXX object CMakeFiles/cmTC_1bbf5.dir/CMakeCXXCompilerABI.cpp.obj]
  ignore line: [Using built-in specs.]
  ignore line: [COLLECT_GCC=/opt/esp/tools/xtensa-esp32-elf/esp-2022r1-11.2.0/xtensa-esp32-elf/bin/xtensa-esp32-elf-g++]
  ignore line: [Target: xtensa-esp32-elf]
  ignore line: [Configured with: /builds/idf/crosstool-NG/.build/xtensa-esp32-elf/src/gcc/configure --build=x86_64-build_pc-linux-gnu --host=x86_64-build_pc-linux-gnu --target=xtensa-esp32-elf --prefix=/builds/idf/crosstool-NG/builds/xtensa-esp32-elf --exec_prefix=/builds/idf/crosstool-NG/builds/xtensa-esp32-elf --with-local-prefix=/builds/idf/crosstool-NG/builds/xtensa-esp32-elf/xtensa-esp32-elf --with-headers=/builds/idf/crosstool-NG/builds/xtensa-esp32-elf/xtensa-esp32-elf/include --with-newlib --enable-threads=no --disable-shared --with-pkgversion='crosstool-NG esp-2022r1' --disable-__cxa_atexit --enable-cxx-flags=-ffunction-sections --disable-libgomp --disable-libmudflap --disable-libmpx --disable-libssp --disable-libquadmath --disable-libquadmath-support --disable-libstdcxx-verbose --with-gmp=/builds/idf/crosstool-NG/.build/xtensa-esp32-elf/buildtools --with-mpfr=/builds/idf/crosstool-NG/.build/xtensa-esp32-elf/buildtools --with-mpc=/builds/idf/crosstool-NG/.build/xtensa-esp32-elf/buildtools --with-isl=/builds/idf/crosstool-NG/.build/xtensa-esp32-elf/buildtools --enable-lto --enable-target-optspace --without-long-double-128 --disable-nls --enable-multiarch --enable-languages=c c++ --disable-libstdcxx-verbose --enable-threads=posix --enable-gcov-custom-rtio --enable-libstdcxx-time=yes]
  ignore line: [Thread model: posix]
  ignore line: [Supported LTO compression algorithms: zlib]
  ignore line: [gcc version 11.2.0 (crosstool-NG esp-2022r1) ]
  ignore line: [COLLECT_GCC_OPTIONS='-mlongcalls' '-Wno-frame-address' '-v' '-o' 'CMakeFiles/cmTC_1bbf5.dir/CMakeCXXCompilerABI.cpp.obj' '-c' '-dumpdir' 'CMakeFiles/cmTC_1bbf5.dir/']
  ignore line: [ /opt/esp/tools/xtensa-esp32-elf/esp-2022r1-11.2.0/xtensa-esp32-elf/bin/../libexec/gcc/xtensa-esp32-elf/11.2.0/cc1plus -quiet -v -iprefix /opt/esp/tools/xtensa-esp32-elf/esp-2022r1-11.2.0/xtensa-esp32-elf/bin/../lib/gcc/xtensa-esp32-elf/11.2.0/ /usr/share/cmake-3.16/Modules/CMakeCXXCompilerABI.cpp -quiet -dumpdir CMakeFiles/cmTC_1bbf5.dir/ -dumpbase CMakeCXXCompilerABI.cpp.cpp -dumpbase-ext .cpp -mlongcalls -Wno-frame-address -version -o /tmp/cc2fdODS.s]
  ignore line: [GNU C++17 (crosstool-NG esp-2022r1) version 11.2.0 (xtensa-esp32-elf)]
  ignore line: [	compiled by GNU C version 4.9.2  GMP version 6.2.1  MPFR version 4.1.0  MPC version 1.2.1  isl version isl-0.24-GMP]
  ignore line: []
  ignore line: [GGC heuristics: --param ggc-min-expand=100 --param ggc-min-heapsize=131072]
  ignore line: [ignoring duplicate directory "/opt/esp/tools/xtensa-esp32-elf/esp-2022r1-11.2.0/xtensa-esp32-elf/bin/../lib/gcc/../../lib/gcc/xtensa-esp32-elf/11.2.0/../../../../xtensa-esp32-elf/include/c++/11.2.0"]
  ignore line: [ignoring duplicate directory "/opt/esp/tools/xtensa-esp32-elf/esp-2022r1-11.2.0/xtensa-esp32-elf/bin/../lib/gcc/../../lib/gcc/xtensa-esp32-elf/11.2.0/../../../../xtensa-esp32-elf/include/c++/11.2.0/xtensa-esp32-elf"]
  ignore line: [ignoring duplicate directory "/opt/esp/tools/xtensa-esp32-elf/esp-2022r1-11.2.0/xtensa-esp32-elf/bin/../lib/gcc/../../lib/gcc/xtensa-esp32-elf/11.2.0/../../../../xtensa-esp32-elf/include/c++/11.2.0/backward"]
  ignore line: [ignoring duplicate directory "/opt/esp/tools/xtensa-esp32-elf/esp-2022r1-11.2.0/xtensa-esp32-elf/bin/../lib/gcc/../../lib/gcc/xtensa-esp32-elf/11.2.0/include"]
  ignore line: [ignoring duplicate directory "/opt/esp/tools/xtensa-esp32-elf/esp-2022r1-11.2.0/xtensa-esp32-elf/bin/../lib/gcc/../../lib/gcc/xtensa-esp32-elf/11.2.0/include-fixed"]
  ignore line: [ignoring duplicate directory "/opt/esp/tools/xtensa-esp32-elf/esp-2022r1-11.2.0/xtensa-esp32-elf/bin/../lib/gcc/../../lib/gcc/xtensa-esp32-elf/11.2.0/../../../../xtensa-esp32-elf/sys-include"]
  ignore line: [ignoring duplicate directory "/opt/esp/tools/xtensa-esp32-elf/esp-2022r1-11.2.0/xtensa-esp32-elf/bin/../lib/gcc/../../lib/gcc/xtensa-esp32-elf/11.2.0/../../../../xtensa-esp32-elf/include"]
  ignore line: [#include "..." search starts here:]
  ignore line: [#include <...> search starts here:]
  ignore line: [ /opt/esp/tools/xtensa-esp32-elf/esp-2022r1-11.2.0/xtensa-esp32-elf/bin/../lib/gcc/xtensa-esp32-elf/11.2.0/../../../../xtensa-esp32-elf/include/c++/11.2.0]
  ignore line: [ /opt/esp/tools/xtensa-esp32-elf/esp-2022r1-11.2.0/xtensa-esp32-elf/bin/../lib/gcc/xtensa-esp32-elf/11.2.0/../../../../xtensa-esp32-elf/include/c++/11.2.0/xtensa-esp32-elf]
  ignore line: [ /opt/esp/tools/xtensa-esp32-elf/esp-2022r1-11.2.0/xtensa-esp32-elf/bin/../lib/gcc/xtensa-esp32-elf/11.2.0/../../../../xtensa-esp32-elf/include/c++/11.2.0/backward]
  ignore line: [ /opt/esp/tools/xtensa-esp32-elf/esp-2022r1-11.2.0/xtensa-esp32-elf/bin/../lib/gcc/xtensa-esp32-elf/11.2.0/include]
  ignore line: [ /opt/esp/tools/xtensa-esp32-elf/esp-2022r1-11.2.0/xtensa-esp32-elf/bin/../lib/gcc/xtensa-esp32-elf/11.2.0/include-fixed]
  ignore line: [ /opt/esp/tools/xtensa-esp32-elf/esp-2022r1-11.2.0/xtensa-esp32-elf/bin/../lib/gcc/xtensa-esp32-elf/11.2.0/../../../../xtensa-esp32-elf/sys-include]
  ignore line: [ /opt/esp/tools/xtensa-esp32-elf/esp-2022r1-11.2.0/xtensa-esp32-elf/bin/../lib/gcc/xtensa-esp32-elf/11.2.0/../../../../xtensa-esp32-elf/include]
  ignore line: [End of search list.]
  ignore line: [GNU C++17 (crosstool-NG esp-2022r1) version 11.2.0 (xtensa-esp32-elf)]
  ignore line: [	compiled by GNU C version 4.9.2  GMP version 6.2.1  MPFR version 4.1.0  MPC version 1.2.1  isl version isl-0.24-GMP]
  ignore line: []
  ignore line: [GGC heuristics: --param ggc-min-expand=100 --param ggc-min-heapsize=131072]
  ignore line: [Compiler executable checksum: 69ef0c26a581aece6835fdfb15e451af]
  ignore line: [COLLECT_GCC_OPTIONS='-mlongcalls' '-Wno-frame-address' '-v' '-o' 'CMakeFiles/cmTC_1bbf5.dir/CMakeCXXCompilerABI.cpp.obj' '-c' '-dumpdir' 'CMakeFiles/cmTC_1bbf5.dir/']
  ignore line: [ /opt/esp/tools/xtensa-esp32-elf/esp-2022r1-11.2.0/xtensa-esp32-elf/bin/../lib/gcc/xtensa-esp32-elf/11.2.0/../../../../xtensa-esp32-elf/bin/as --traditional-format --longcalls -o CMakeFiles/cmTC_1bbf5.dir/CMakeCXXCompilerABI.cpp.obj /tmp/cc2fdODS.s]
  ignore line: [COMPILER_PATH=/opt/esp/tools/xtensa-esp32-elf/esp-2022r1-11.2.0/xtensa-esp32-elf/bin/../libexec/gcc/xtensa-esp32-elf/11.2.0/:/opt/esp/tools/xtensa-esp32-elf/esp-2022r1-11.2.0/xtensa-esp32-elf/bin/../libexec/gcc/:/opt/esp/tools/xtensa-esp32-elf/esp-2022r1-11.2.0/xtensa-esp32-elf/bin/../lib/gcc/xtensa-esp32-elf/11.2.0/../../../../xtensa-esp32-elf/bin/]
  ignore line: [LIBRARY_PATH=/opt/esp/tools/xtensa-esp32-elf/esp-2022r1-11.2.0/xtensa-esp32-elf/bin/../lib/gcc/xtensa-esp32-elf/11.2.0/:/opt/esp/tools/xtensa-esp32-elf/esp-2022r1-11.2.0/xtensa-esp32-elf/bin/../lib/gcc/:/opt/esp/tools/xtensa-esp32-elf/esp-2022r1-11.2.0/xtensa-esp32-elf/bin/../lib/gcc/xtensa-esp32-elf/11.2.0/../../../../xtensa-esp32-elf/lib/]
  ignore line: [COLLECT_GCC_OPTIONS='-mlongcalls' '-Wno-frame-address' '-v' '-o' 'CMakeFiles/cmTC_1bbf5.dir/CMakeCXXCompilerABI.cpp.obj' '-c' '-dumpdir' 'CMakeFiles/cmTC_1bbf5.dir/CMakeCXXCompilerABI.cpp.']
  ignore line: [[2/2] Linking CXX executable cmTC_1bbf5]
  ignore line: [Using built-in specs.]
  ignore line: [COLLECT_GCC=/opt/esp/tools/xtensa-esp32-elf/esp-2022r1-11.2.0/xtensa-esp32-elf/bin/xtensa-esp32-elf-g++]
  ignore line: [COLLECT_LTO_WRAPPER=/opt/esp/tools/xtensa-esp32-elf/esp-2022r1-11.2.0/xtensa-esp32-elf/bin/../libexec/gcc/xtensa-esp32-elf/11.2.0/lto-wrapper]
  ignore line: [Target: xtensa-esp32-elf]
  ignore line: [Configured with: /builds/idf/crosstool-NG/.build/xtensa-esp32-elf/src/gcc/configure --build=x86_64-build_pc-linux-gnu --host=x86_64-build_pc-linux-gnu --target=xtensa-esp32-elf --prefix=/builds/idf/crosstool-NG/builds/xtensa-esp32-elf --exec_prefix=/builds/idf/crosstool-NG/builds/xtensa-esp32-elf --with-local-prefix=/builds/idf/crosstool-NG/builds/xtensa-esp32-elf/xtensa-esp32-elf --with-headers=/builds/idf/crosstool-NG/builds/xtensa-esp32-elf/xtensa-esp32-elf/include --with-newlib --enable-threads=no --disable-shared --with-pkgversion='crosstool-NG esp-2022r1' --disable-__cxa_atexit --enable-cxx-flags=-ffunction-sections --disable-libgomp --disable-libmudflap --disable-libmpx --disable-libssp --disable-libquadmath --disable-libquadmath-support --disable-libstdcxx-verbose --with-gmp=/builds/idf/crosstool-NG/.build/xtensa-esp32-elf/buildtools --with-mpfr=/builds/idf/crosstool-NG/.build/xtensa-esp32-elf/buildtools --with-mpc=/builds/idf/crosstool-NG/.build/xtensa-esp32-elf/buildtools --with-isl=/builds/idf/crosstool-NG/.build/xtensa-esp32-elf/buildtools --enable-lto --enable-target-optspace --without-long-double-128 --disable-nls --enable-multiarch --enable-languages=c c++ --disable-libstdcxx-verbose --enable-threads=posix --enable-gcov-custom-rtio --enable-libstdcxx-time=yes]
  ignore line: [Thread model: posix]
  ignore line: [Supported LTO compression algorithms: zlib]
  ignore line: [gcc version 11.2.0 (crosstool-NG esp-2022r1) ]
  ignore line: [COMPILER_PATH=/opt/esp/tools/xtensa-esp32-elf/esp-2022r1-11.2.0/xtensa-esp32-elf/bin/../libexec/gcc/xtensa-esp32-elf/11.2.0/:/opt/esp/tools/xtensa-esp32-elf/esp-2022r1-11.2.0/xtensa-esp32-elf/bin/../libexec/gcc/:/opt/esp/tools/xtensa-esp32-elf/esp-2022r1-11.2.0/xtensa-esp32-elf/bin/../lib/gcc/xtensa-esp32-elf/11.2.0/../../../../xtensa-esp32-elf/bin/]
  ignore line: [LIBRARY_PATH=/opt/esp/tools/xtensa-esp32-elf/esp-2022r1-11.2.0/xtensa-esp32-elf/bin/../lib/gcc/xtensa-esp32-elf/11.2.0/:/opt/esp/tools/xtensa-esp32-elf/esp-2022r1-11.2.0/xtensa-esp32-elf/bin/../lib/gcc/:/opt/esp/tools/xtensa-esp32-elf/esp-2022r1-11.2.0/xtensa-esp32-elf/bin/../lib/gcc/xtensa-esp32-elf/11.2.0/../../../../xtensa-esp32-elf/lib/]
  ignore line: [COLLECT_GCC_OPTIONS='-mlongcalls' '-Wno-frame-address' '-v' '-o' 'cmTC_1bbf5' '-dumpdir' 'cmTC_1bbf5.']
  link line: [ /opt/esp/tools/xtensa-esp32-elf/esp-2022r1-11.2.0/xtensa-esp32-elf/bin/../libexec/gcc/xtensa-esp32-elf/11.2.0/collect2 -plugin /opt/esp/tools/xtensa-esp32-elf/esp-2022r1-11.2.0/xtensa-esp32-elf/bin/../libexec/gcc/xtensa-esp32-elf/11.2.0/liblto_plugin.so -plugin-opt=/opt/esp/tools/xtensa-esp32-elf/esp-2022r1-11.2.0/xtensa-esp32-elf/bin/../libexec/gcc/xtensa-esp32-elf/11.2.0/lto-wrapper -plugin-opt=-fresolution=/tmp/ccBeFAJW.res -plugin-opt=-pass-through=-lgcc -plugin-opt=-pass-through=-lc -plugin-opt=-pass-through=-lnosys -plugin-opt=-pass-through=-lc -plugin-opt=-pass-through=-lgcc -o cmTC_1bbf5 /opt/esp/tools/xtensa-esp32-elf/esp-2022r1-11.2.0/xtensa-esp32-elf/bin/../lib/gcc/xtensa-esp32-elf/11.2.0/../../../../xtensa-esp32-elf/lib/crt0.o /opt/esp/tools/xtensa-esp32-elf/esp-2022r1-11.2.0/xtensa-esp32-elf/bin/../lib/gcc/xtensa-esp32-elf/11.2.0/crti.o /opt/esp/tools/xtensa-esp32-elf/esp-2022r1-11.2.0/xtensa-esp32-elf/bin/../lib/gcc/xtensa-esp32-elf/11.2.0/crtbegin.o -L/opt/esp/tools/xtensa-esp32-elf/esp-2022r1-11.2.0/xtensa-esp32-elf/bin/../lib/gcc/xtensa-esp32-elf/11.2.0 -L/opt/esp/tools/xtensa-esp32-elf/esp-2022r1-11.2.0/xtensa-esp32-elf/bin/../lib/gcc -L/opt/esp/tools/xtensa-esp32-elf/esp-2022r1-11.2.0/xtensa-esp32-elf/bin/../lib/gcc/xtensa-esp32-elf/11.2.0/../../../../xtensa-esp32-elf/lib CMakeFiles/cmTC_1bbf5.dir/CMakeCXXCompilerABI.cpp.obj -lstdc++ -lm -lgcc -lc -lnosys -lc -lgcc /opt/esp/tools/xtensa-esp32-elf/esp-2022r1-11.2.0/xtensa-esp32-elf/bin/../lib/gcc/xtensa-esp32-elf/11.2.0/crtend.o /opt/esp/tools/xtensa-esp32-elf/esp-2022r1-11.2.0/xtensa-esp32-elf/bin/../lib/gcc/xtensa-esp32-elf/11.2.0/crtn.o]
    arg [/opt/esp/tools/xtensa-esp32-elf/esp-2022r1-11.2.0/xtensa-esp32-elf/bin/../libexec/gcc/xtensa-esp32-elf/11.2.0/collect2] ==> ignore
    arg [-plugin] ==> ignore
    arg [/opt/esp/tools/xtensa-esp32-elf/esp-2022r1-11.2.0/xtensa-esp32-elf/bin/../libexec/gcc/xtensa-esp32-elf/11.2.0/liblto_plugin.so] ==> ignore
    arg [-plugin-opt=/opt/esp/tools/xtensa-esp32-elf/esp-2022r1-11.2.0/xtensa-esp32-elf/bin/../libexec/gcc/xtensa-esp32-elf/11.2.0/lto-wrapper] ==> ignore
    arg [-plugin-opt=-fresolution=/tmp/ccBeFAJW.res] ==> ignore
    arg [-plugin-opt=-pass-through=-lgcc] ==> ignore
    arg [-plugin-opt=-pass-through=-lc] ==> ignore
    arg [-plugin-opt=-pass-through=-lnosys] ==> ignore
    arg [-plugin-opt=-pass-through=-lc] ==> ignore
    arg [-plugin-opt=-pass-through=-lgcc] ==> ignore
    arg [-o] ==> ignore
    arg [cmTC_1bbf5] ==> ignore
    arg [/opt/esp/tools/xtensa-esp32-elf/esp-2022r1-11.2.0/xtensa-esp32-elf/bin/../lib/gcc/xtensa-esp32-elf/11.2.0/../../../../xtensa-esp32-elf/lib/crt0.o] ==> ignore
    arg [/opt/esp/tools/xtensa-esp32-elf/esp-2022r1-11.2.0/xtensa-esp32-elf/bin/../lib/gcc/xtensa-esp32-elf/11.2.0/crti.o] ==> ignore
    arg [/opt/esp/tools/xtensa-esp32-elf/esp-2022r1-11.2.0/xtensa-esp32-elf/bin/../lib/gcc/xtensa-esp32-elf/11.2.0/crtbegin.o] ==> ignore
    arg [-L/opt/esp/tools/xtensa-esp32-elf/esp-2022r1-11.2.0/xtensa-esp32-elf/bin/../lib/gcc/xtensa-esp32-elf/11.2.0] ==> dir [/opt/esp/tools/xtensa-esp32-elf/esp-2022r1-11.2.0/xtensa-esp32-elf/bin/../lib/gcc/xtensa-esp32-elf/11.2.0]
    arg [-L/opt/esp/tools/xtensa-esp32-elf/esp-2022r1-11.2.0/xtensa-esp32-elf/bin/../lib/gcc] ==> dir [/opt/esp/tools/xtensa-esp32-elf/esp-2022r1-11.2.0/xtensa-esp32-elf/bin/../lib/gcc]
    arg [-L/opt/esp/tools/xtensa-esp32-elf/esp-2022r1-11.2.0/xtensa-esp32-elf/bin/../lib/gcc/xtensa-esp32-elf/11.2.0/../../../../xtensa-esp32-elf/lib] ==> dir [/opt/esp/tools/xtensa-esp32-elf/esp-2022r1-11.2.0/xtensa-esp32-elf/bin/../lib/gcc/xtensa-esp32-elf/11.2.0/../../../../xtensa-esp32-elf/lib]
    arg [CMakeFiles/cmTC_1bbf5.dir/CMakeCXXCompilerABI.cpp.obj] ==> ignore
    arg [-lstdc++] ==> lib [stdc++]
    arg [-lm] ==> lib [m]
    arg [-lgcc] ==> lib [gcc]
    arg [-lc] ==> lib [c]
    arg [-lnosys] ==> lib [nosys]
    arg [-lc] ==> lib [c]
    arg [-lgcc] ==> lib [gcc]
    arg [/opt/esp/tools/xtensa-esp32-elf/esp-2022r1-11.2.0/xtensa-esp32-elf/bin/../lib/gcc/xtensa-esp32-elf/11.2.0/crtend.o] ==> ignore
    arg [/opt/esp/tools/xtensa-esp32-elf/esp-2022r1-11.2.0/xtensa-esp32-elf/bin/../lib/gcc/xtensa-esp32-elf/11.2.0/crtn.o] ==> ignore
  collapse library dir [/opt/esp/tools/xtensa-esp32-elf/esp-2022r1-11.2.0/xtensa-esp32-elf/bin/../lib/gcc/xtensa-esp32-elf/11.2.0] ==> [/opt/esp/tools/xtensa-esp32-elf/esp-2022r1-11.2.0/xtensa-esp32-elf/lib/gcc/xtensa-esp32-elf/11.2.0]
  collapse library dir [/opt/esp/tools/xtensa-esp32-elf/esp-2022r1-11.2.0/xtensa-esp32-elf/bin/../lib/gcc] ==> [/opt/esp/tools/xtensa-esp32-elf/esp-2022r1-11.2.0/xtensa-esp32-elf/lib/gcc]
  collapse library dir [/opt/esp/tools/xtensa-esp32-elf/esp-2022r1-11.2.0/xtensa-esp32-elf/bin/../lib/gcc/xtensa-esp32-elf/11.2.0/../../../../xtensa-esp32-elf/lib] ==> [/opt/esp/tools/xtensa-esp32-elf/esp-2022r1-11.2.0/xtensa-esp32-elf/xtensa-esp32-elf/lib]
  implicit libs: [stdc++;m;gcc;c;nosys;c;gcc]
  implicit dirs: [/opt/esp/tools/xtensa-esp32-elf/esp-2022r1-11.2.0/xtensa-esp32-elf/lib/gcc/xtensa-esp32-elf/11.2.0;/opt/esp/tools/xtensa-esp32-elf/esp-2022r1-11.2.0/xtensa-esp32-elf/lib/gcc;/opt/esp/tools/xtensa-esp32-elf/esp-2022r1-11.2.0/xtensa-esp32-elf/xtensa-esp32-elf/lib]
  implicit fwks: []


